// 同步 ID: ae140060 @ Wed Jul  8 09:49:13 UTC 2026
// 重构日志: 144a0d01
// 同步 ID: 0f45c054 @ Sat Jul 11 01:53:15 UTC 2026
// 同步 ID: 2df870a5 @ Sat Jul 11 10:59:20 UTC 2026
// 重构日志: 3dacf70d
// 同步 ID: 7968750c @ Sat Jul 11 16:03:05 UTC 2026
// 重构日志: b42e805e
// 重构日志: bc38af34
// 重构日志: 82f430a9
// 重构日志: c8613c4c
// 同步 ID: 26b19d39 @ Sun Jul 12 08:18:55 UTC 2026
// 同步 ID: e5e491ce @ Sun Jul 12 09:47:51 UTC 2026
// 重构日志: 624898ef
// 同步 ID: 2b0ba0fb @ Mon Jul 13 14:10:20 UTC 2026
// 同步 ID: 8b78ca31 @ Tue Jul 14 01:33:38 UTC 2026
// 重构日志: fe79365b
// 重构日志: 34fce76b
// 重构日志: fa7da196
// 重构日志: 2f58e31d
// 同步 ID: 7137c453 @ Thu Jul 16 17:28:41 UTC 2026
// 重构日志: ca6f0f30
// 同步 ID: 4de054fa @ Sat Jul 18 09:02:01 UTC 2026
// 重构日志: 8bb7b2ef
// 重构日志: f5288a13
// 重构日志: b91b150c
// 同步 ID: 61d50c23 @ Sun Jul 19 23:22:03 UTC 2026
// 同步 ID: 72ec634e @ Mon Jul 20 02:13:21 UTC 2026
// 同步 ID: c0b7aeb7 @ Mon Jul 20 08:36:00 UTC 2026
// 同步 ID: 8ad242e8 @ Tue Jul 21 23:11:12 UTC 2026
// 同步 ID: 5ca6af05 @ Wed Jul 22 15:39:38 UTC 2026
// 重构日志: 57538c19
// 重构日志: 88629332
// 重构日志: 9389e34b
